2018-03-13T14:01:03+00:00 CRITICAL Allowed memory size of 134217728 bytes exhausted (tried to allocate 91619865 bytes)

2018-03-13T16:15:07+00:00 CRITICAL Call to undefined function flatsome_html_classes()

2018-03-13T16:15:11+00:00 CRITICAL Call to undefined function flatsome_html_classes()

2018-03-13T16:15:12+00:00 CRITICAL Call to undefined function flatsome_html_classes()

2018-03-13T16:15:13+00:00 CRITICAL Call to undefined function flatsome_html_classes()

2018-03-13T16:15:36+00:00 CRITICAL Call to undefined function flatsome_html_classes()

2018-03-13T16:15:38+00:00 CRITICAL Call to undefined function flatsome_html_classes()

2018-03-13T16:16:08+00:00 CRITICAL Call to undefined function flatsome_html_classes()

2018-03-13T16:16:08+00:00 CRITICAL Call to undefined function flatsome_html_classes()

2018-03-13T16:16:25+00:00 CRITICAL Call to undefined function flatsome_html_classes()

2018-03-13T16:16:44+00:00 CRITICAL Call to undefined function flatsome_html_classes()

2018-03-13T16:17:13+00:00 CRITICAL Call to undefined function flatsome_html_classes()

2018-03-13T16:17:25+00:00 CRITICAL Call to undefined function flatsome_html_classes()

2018-03-13T16:49:13+00:00 CRITICAL Call to undefined function flatsome_html_classes()

2018-03-13T16:49:33+00:00 CRITICAL Call to undefined function flatsome_html_classes()

2018-03-13T16:49:49+00:00 CRITICAL Call to undefined function flatsome_html_classes()

2018-03-13T16:50:25+00:00 CRITICAL Cannot redeclare custom_override_checkout_fields() (previously declared in /home/minhphongt/domains/minhphongtech.thaibinhweb.com/public_html/wp-content/themes/o-du/functions.php:15)

2018-03-13T16:50:28+00:00 CRITICAL Cannot redeclare custom_override_checkout_fields() (previously declared in /home/minhphongt/domains/minhphongtech.thaibinhweb.com/public_html/wp-content/themes/o-du/functions.php:15)

2018-03-13T16:50:36+00:00 CRITICAL Cannot redeclare custom_override_checkout_fields() (previously declared in /home/minhphongt/domains/minhphongtech.thaibinhweb.com/public_html/wp-content/themes/o-du/functions.php:15)

2018-03-13T16:50:48+00:00 CRITICAL Cannot redeclare custom_override_checkout_fields() (previously declared in /home/minhphongt/domains/minhphongtech.thaibinhweb.com/public_html/wp-content/themes/o-du/functions.php:15)

2018-03-13T16:50:49+00:00 CRITICAL Cannot redeclare custom_override_checkout_fields() (previously declared in /home/minhphongt/domains/minhphongtech.thaibinhweb.com/public_html/wp-content/themes/o-du/functions.php:15)

2018-03-13T16:50:51+00:00 CRITICAL Cannot redeclare custom_override_checkout_fields() (previously declared in /home/minhphongt/domains/minhphongtech.thaibinhweb.com/public_html/wp-content/themes/o-du/functions.php:15)

2018-03-13T16:51:04+00:00 CRITICAL Cannot redeclare custom_override_checkout_fields() (previously declared in /home/minhphongt/domains/minhphongtech.thaibinhweb.com/public_html/wp-content/themes/o-du/functions.php:15)

2018-03-13T16:51:07+00:00 CRITICAL Cannot redeclare custom_override_checkout_fields() (previously declared in /home/minhphongt/domains/minhphongtech.thaibinhweb.com/public_html/wp-content/themes/o-du/functions.php:15)

2018-03-13T16:51:48+00:00 CRITICAL Call to undefined function flatsome_html_classes()

2018-03-13T16:51:49+00:00 CRITICAL Call to undefined function flatsome_html_classes()

2018-03-13T16:51:50+00:00 CRITICAL Call to undefined function flatsome_html_classes()

2018-03-13T16:51:51+00:00 CRITICAL Call to undefined function flatsome_html_classes()

2018-03-13T16:52:02+00:00 CRITICAL Call to undefined function flatsome_html_classes()

2018-03-13T16:53:03+00:00 CRITICAL Call to undefined function flatsome_html_classes()

2018-03-13T16:53:04+00:00 CRITICAL Call to undefined function flatsome_html_classes()

2018-03-13T16:53:21+00:00 CRITICAL Call to undefined function flatsome_html_classes()

2018-03-13T16:53:22+00:00 CRITICAL Call to undefined function flatsome_html_classes()

2018-03-13T16:54:15+00:00 CRITICAL Call to undefined function flatsome_html_classes()

2018-03-13T16:54:16+00:00 CRITICAL Call to undefined function flatsome_html_classes()

2018-03-13T16:54:39+00:00 CRITICAL Call to undefined function flatsome_html_classes()

2018-03-13T16:54:39+00:00 CRITICAL Call to undefined function flatsome_html_classes()

2018-03-13T16:54:40+00:00 CRITICAL Call to undefined function flatsome_html_classes()

2018-03-13T16:54:40+00:00 CRITICAL Call to undefined function flatsome_html_classes()

2018-03-13T16:54:41+00:00 CRITICAL Call to undefined function flatsome_html_classes()

2018-03-13T16:55:04+00:00 CRITICAL Call to undefined function flatsome_html_classes()

2018-03-13T16:55:05+00:00 CRITICAL Call to undefined function flatsome_html_classes()

2018-03-20T21:47:42+00:00 CRITICAL Call to undefined function woocommerce_version_check()

2018-03-20T21:47:46+00:00 CRITICAL Call to undefined function woocommerce_version_check()

2018-03-20T21:47:54+00:00 CRITICAL Call to undefined function woocommerce_version_check()

2018-03-20T21:48:12+00:00 CRITICAL Call to undefined function woocommerce_version_check()

2018-03-20T22:09:32+00:00 CRITICAL Call to undefined function flatsome_wc_get_gallery_image_html()

2018-03-20T22:09:35+00:00 CRITICAL Call to undefined function flatsome_wc_get_gallery_image_html()

