2017-10-16T14:51:43+00:00 INFO Queuing 3.2.0 - wc_update_320_mexican_states
2017-10-16T14:51:43+00:00 INFO Queuing 3.2.0 - wc_update_320_db_version
2017-10-16T14:53:04+00:00 INFO Running wc_update_320_mexican_states callback
2017-10-16T14:53:04+00:00 INFO Finished wc_update_320_mexican_states callback
2017-10-16T14:53:04+00:00 INFO Running wc_update_320_db_version callback
2017-10-16T14:53:04+00:00 INFO Finished wc_update_320_db_version callback
2017-10-16T14:53:04+00:00 INFO Data update complete
2018-03-20T22:16:56+00:00 INFO Queuing 3.3.0 - wc_update_330_image_options
2018-03-20T22:16:56+00:00 INFO Queuing 3.3.0 - wc_update_330_webhooks
2018-03-20T22:16:56+00:00 INFO Queuing 3.3.0 - wc_update_330_product_stock_status
2018-03-20T22:16:56+00:00 INFO Queuing 3.3.0 - wc_update_330_set_default_product_cat
2018-03-20T22:16:56+00:00 INFO Queuing 3.3.0 - wc_update_330_clear_transients
2018-03-20T22:16:56+00:00 INFO Queuing 3.3.0 - wc_update_330_set_paypal_sandbox_credentials
2018-03-20T22:16:56+00:00 INFO Queuing 3.3.0 - wc_update_330_db_version
2018-03-20T22:16:56+00:00 INFO Running wc_update_330_image_options callback
2018-03-20T22:16:56+00:00 INFO Finished wc_update_330_image_options callback
2018-03-20T22:16:56+00:00 INFO Running wc_update_330_webhooks callback
2018-03-20T22:16:56+00:00 INFO Finished wc_update_330_webhooks callback
2018-03-20T22:16:56+00:00 INFO Running wc_update_330_product_stock_status callback
2018-03-20T22:16:56+00:00 INFO Finished wc_update_330_product_stock_status callback
2018-03-20T22:16:56+00:00 INFO Running wc_update_330_set_default_product_cat callback
2018-03-20T22:16:56+00:00 INFO Finished wc_update_330_set_default_product_cat callback
2018-03-20T22:16:56+00:00 INFO Running wc_update_330_clear_transients callback
2018-03-20T22:16:56+00:00 INFO Finished wc_update_330_clear_transients callback
2018-03-20T22:16:56+00:00 INFO Running wc_update_330_set_paypal_sandbox_credentials callback
2018-03-20T22:16:56+00:00 INFO Finished wc_update_330_set_paypal_sandbox_credentials callback
2018-03-20T22:16:56+00:00 INFO Running wc_update_330_db_version callback
2018-03-20T22:16:56+00:00 INFO Finished wc_update_330_db_version callback
2018-03-20T22:16:56+00:00 INFO Data update complete
